TN:verilator_coverage
SF:adder.sv
DA:32,5
BRDA:32,0,0,5
BRDA:32,0,1,5
BRDA:32,0,2,2
BRDA:32,0,3,2
BRDA:32,0,4,2
BRDA:32,0,5,2
BRDA:32,0,6,2
BRDA:32,0,7,2
BRDA:32,0,8,2
BRDA:32,0,9,2
BRDA:32,0,10,3
BRDA:32,0,11,3
BRDA:32,0,12,2
BRDA:32,0,13,2
BRDA:32,0,14,3
BRDA:32,0,15,3
BRDA:32,0,16,2
BRDA:32,0,17,2
BRDA:32,0,18,3
BRDA:32,0,19,3
BRDA:32,0,20,2
BRDA:32,0,21,2
BRDA:32,0,22,2
BRDA:32,0,23,2
BRDA:32,0,24,2
BRDA:32,0,25,2
BRDA:32,0,26,3
BRDA:32,0,27,3
BRDA:32,0,28,3
BRDA:32,0,29,3
BRDA:32,0,30,2
BRDA:32,0,31,2
BRDA:32,0,32,3
BRDA:32,0,33,3
BRDA:32,0,34,3
BRDA:32,0,35,3
BRDA:32,0,36,3
BRDA:32,0,37,3
BRDA:32,0,38,2
BRDA:32,0,39,2
BRDA:32,0,40,2
BRDA:32,0,41,2
BRDA:32,0,42,2
BRDA:32,0,43,2
BRDA:32,0,44,3
BRDA:32,0,45,3
BRDA:32,0,46,2
BRDA:32,0,47,2
BRDA:32,0,48,3
BRDA:32,0,49,3
BRDA:32,0,50,2
BRDA:32,0,51,2
BRDA:32,0,52,2
BRDA:32,0,53,2
BRDA:32,0,54,3
BRDA:32,0,55,3
BRDA:32,0,56,2
BRDA:32,0,57,2
BRDA:32,0,58,2
BRDA:32,0,59,2
BRDA:32,0,60,3
BRDA:32,0,61,3
BRDA:32,0,62,3
BRDA:32,0,63,3
DA:33,4
BRDA:33,0,0,4
BRDA:33,0,1,4
BRDA:33,0,2,1
BRDA:33,0,3,1
BRDA:33,0,4,0
BRDA:33,0,5,0
BRDA:33,0,6,1
BRDA:33,0,7,1
BRDA:33,0,8,0
BRDA:33,0,9,0
BRDA:33,0,10,1
BRDA:33,0,11,1
BRDA:33,0,12,0
BRDA:33,0,13,0
BRDA:33,0,14,0
BRDA:33,0,15,0
BRDA:33,0,16,0
BRDA:33,0,17,0
BRDA:33,0,18,1
BRDA:33,0,19,1
BRDA:33,0,20,0
BRDA:33,0,21,0
BRDA:33,0,22,2
BRDA:33,0,23,2
BRDA:33,0,24,1
BRDA:33,0,25,1
BRDA:33,0,26,1
BRDA:33,0,27,1
BRDA:33,0,28,0
BRDA:33,0,29,0
BRDA:33,0,30,0
BRDA:33,0,31,0
BRDA:33,0,32,0
BRDA:33,0,33,0
BRDA:33,0,34,1
BRDA:33,0,35,1
BRDA:33,0,36,0
BRDA:33,0,37,0
BRDA:33,0,38,0
BRDA:33,0,39,0
BRDA:33,0,40,1
BRDA:33,0,41,1
BRDA:33,0,42,0
BRDA:33,0,43,0
BRDA:33,0,44,0
BRDA:33,0,45,0
BRDA:33,0,46,0
BRDA:33,0,47,0
BRDA:33,0,48,1
BRDA:33,0,49,1
BRDA:33,0,50,1
BRDA:33,0,51,1
BRDA:33,0,52,1
BRDA:33,0,53,1
BRDA:33,0,54,1
BRDA:33,0,55,1
BRDA:33,0,56,1
BRDA:33,0,57,1
BRDA:33,0,58,0
BRDA:33,0,59,0
BRDA:33,0,60,0
BRDA:33,0,61,0
BRDA:33,0,62,1
BRDA:33,0,63,1
DA:34,5
BRDA:34,0,0,5
BRDA:34,0,1,5
DA:36,5
BRDA:36,0,0,5
BRDA:36,0,1,5
BRDA:36,0,2,3
BRDA:36,0,3,3
BRDA:36,0,4,4
BRDA:36,0,5,4
BRDA:36,0,6,4
BRDA:36,0,7,4
BRDA:36,0,8,3
BRDA:36,0,9,3
BRDA:36,0,10,3
BRDA:36,0,11,3
BRDA:36,0,12,4
BRDA:36,0,13,4
BRDA:36,0,14,4
BRDA:36,0,15,4
BRDA:36,0,16,3
BRDA:36,0,17,3
BRDA:36,0,18,3
BRDA:36,0,19,3
BRDA:36,0,20,4
BRDA:36,0,21,4
BRDA:36,0,22,5
BRDA:36,0,23,5
BRDA:36,0,24,4
BRDA:36,0,25,4
BRDA:36,0,26,3
BRDA:36,0,27,3
BRDA:36,0,28,3
BRDA:36,0,29,3
BRDA:36,0,30,4
BRDA:36,0,31,4
BRDA:36,0,32,4
BRDA:36,0,33,4
BRDA:36,0,34,3
BRDA:36,0,35,3
BRDA:36,0,36,3
BRDA:36,0,37,3
BRDA:36,0,38,4
BRDA:36,0,39,4
BRDA:36,0,40,4
BRDA:36,0,41,4
BRDA:36,0,42,3
BRDA:36,0,43,3
BRDA:36,0,44,3
BRDA:36,0,45,3
BRDA:36,0,46,3
BRDA:36,0,47,3
BRDA:36,0,48,3
BRDA:36,0,49,3
BRDA:36,0,50,4
BRDA:36,0,51,4
BRDA:36,0,52,4
BRDA:36,0,53,4
BRDA:36,0,54,3
BRDA:36,0,55,3
BRDA:36,0,56,3
BRDA:36,0,57,3
BRDA:36,0,58,4
BRDA:36,0,59,4
BRDA:36,0,60,4
BRDA:36,0,61,4
BRDA:36,0,62,3
BRDA:36,0,63,3
DA:37,1
BRDA:37,0,0,1
BRDA:37,0,1,1
DA:38,2
BRDA:38,0,0,2
BRDA:38,0,1,2
DA:40,6
BRDA:40,0,0,3
BRDA:40,0,1,3
BRDA:40,0,2,3
BRDA:40,0,3,3
BRDA:40,0,4,6
BRDA:40,0,5,5
BRDA:40,0,6,2
BRDA:40,0,7,2
DA:59,5
BRDA:59,0,0,5
BRDA:59,0,1,5
BRDA:59,0,2,3
BRDA:59,0,3,3
BRDA:59,0,4,4
BRDA:59,0,5,4
BRDA:59,0,6,4
BRDA:59,0,7,4
BRDA:59,0,8,3
BRDA:59,0,9,3
BRDA:59,0,10,3
BRDA:59,0,11,3
BRDA:59,0,12,4
BRDA:59,0,13,4
BRDA:59,0,14,4
BRDA:59,0,15,4
BRDA:59,0,16,3
BRDA:59,0,17,3
BRDA:59,0,18,3
BRDA:59,0,19,3
BRDA:59,0,20,4
BRDA:59,0,21,4
BRDA:59,0,22,5
BRDA:59,0,23,5
BRDA:59,0,24,4
BRDA:59,0,25,4
BRDA:59,0,26,3
BRDA:59,0,27,3
BRDA:59,0,28,3
BRDA:59,0,29,3
BRDA:59,0,30,4
BRDA:59,0,31,4
BRDA:59,0,32,4
BRDA:59,0,33,4
BRDA:59,0,34,3
BRDA:59,0,35,3
BRDA:59,0,36,3
BRDA:59,0,37,3
BRDA:59,0,38,4
BRDA:59,0,39,4
BRDA:59,0,40,4
BRDA:59,0,41,4
BRDA:59,0,42,3
BRDA:59,0,43,3
BRDA:59,0,44,3
BRDA:59,0,45,3
BRDA:59,0,46,3
BRDA:59,0,47,3
BRDA:59,0,48,3
BRDA:59,0,49,3
BRDA:59,0,50,2
BRDA:59,0,51,2
BRDA:59,0,52,4
BRDA:59,0,53,4
BRDA:59,0,54,4
BRDA:59,0,55,4
BRDA:59,0,56,3
BRDA:59,0,57,3
BRDA:59,0,58,3
BRDA:59,0,59,3
BRDA:59,0,60,4
BRDA:59,0,61,4
BRDA:59,0,62,4
BRDA:59,0,63,4
BRDA:59,0,64,3
BRDA:59,0,65,3
DA:60,6
BRDA:60,0,0,2
BRDA:60,0,1,2
BRDA:60,0,2,3
BRDA:60,0,3,3
BRDA:60,0,4,3
BRDA:60,0,5,3
BRDA:60,0,6,6
BRDA:60,0,7,5
DA:75,1999
DA:76,1999
BRDA:76,0,0,1999
BRDA:76,0,1,9
BRDA:76,0,2,1990
DA:77,1990
BRDA:77,0,0,1990
BRDA:77,0,1,9
DA:78,9
DA:80,1999
DA:82,1999
DA:83,1999
DA:84,1999
BRDA:84,0,0,1999
BRDA:84,0,1,2
BRDA:84,0,2,6
BRDA:84,0,3,1997
BRDA:84,0,4,1993
DA:85,1999
DA:86,1999
DA:87,1999
BRDA:87,0,0,1999
BRDA:87,0,1,1993
BRDA:87,0,2,4
BRDA:87,0,3,2
BRDA:87,0,4,6
DA:90,1999
DA:91,1999
DA:92,1999
DA:93,1999
BRDA:93,0,0,1999
BRDA:93,0,1,4
BRDA:93,0,2,1993
BRDA:93,0,3,2
DA:95,1999
BRF:299
BRH:10
end_of_record
SF:adder_tb.sv
DA:21,1000
BRDA:21,0,0,1000
BRDA:21,0,1,1000
DA:39,1
DA:40,1
DA:55,8
DA:67,8
DA:69,8
BRDA:69,0,0,8
BRDA:69,0,1,0
DA:70,0
DA:71,0
DA:72,0
DA:75,8
BRDA:75,0,0,8
BRDA:75,0,1,0
DA:76,0
DA:77,0
DA:78,0
DA:81,8
BRDA:81,0,0,8
BRDA:81,0,1,0
DA:82,0
DA:83,0
DA:84,0
DA:87,8
BRDA:87,0,0,0
BRDA:87,0,1,8
DA:88,8
DA:89,8
DA:92,8
DA:93,8
DA:96,1
BRDA:96,0,0,1
BRDA:96,0,1,0
DA:98,0
DA:99,0
DA:100,0
DA:101,0
DA:105,0
DA:106,0
DA:109,0
DA:112,0
DA:115,0
DA:118,0
DA:121,0
DA:124,0
DA:127,0
DA:130,0
DA:132,8
BRDA:132,0,0,8
BRDA:132,0,1,0
DA:134,8
DA:137,8
DA:138,8
DA:139,8
DA:140,8
DA:144,8
DA:145,8
DA:146,8
DA:147,8
DA:148,8
DA:153,8
DA:154,8
DA:155,8
DA:156,8
DA:157,8
DA:158,8
DA:159,8
DA:160,8
DA:162,8
BRDA:162,0,0,8
BRDA:162,0,1,0
DA:163,8
DA:164,8
DA:165,0
DA:166,0
DA:168,8
DA:171,8
DA:172,8
DA:173,8
DA:174,8
DA:178,0
DA:179,0
DA:180,0
DA:182,1
BRDA:182,0,0,0
BRDA:182,0,1,1
DA:183,1
DA:184,0
DA:185,0
DA:188,0
DA:189,0
BRF:18
BRH:2
end_of_record
